[ 2018-11-05T21:20:25+08:00 ] ::1 /
INFO: [ app_init ] --START--
INFO: Run Behavior\BuildLiteBehavior [ RunTime:0.000013s ]
INFO: [ app_init ] --END-- [ RunTime:0.000339s ]
INFO: [ app_begin ] --START--
INFO: Run Behavior\ReadHtmlCacheBehavior [ RunTime:0.000573s ]
INFO: [ app_begin ] --END-- [ RunTime:0.000653s ]
NOTIC: [8] Undefined index: username /Users/fangzheng/Documents/myproject/phpfile/test/Application/Home/Controller/IndexController.class.php 第 41 行.
NOTIC: [8] Undefined index: pwd /Users/fangzheng/Documents/myproject/phpfile/test/Application/Home/Controller/IndexController.class.php 第 42 行.
SQL: SHOW COLUMNS FROM `user_data` [ RunTime:0.0008s ]
SQL: SELECT * FROM `user_data` WHERE `username` = null AND `pwd` = null LIMIT 1   [ RunTime:0.0006s ]
NOTIC: [8] Use of undefined constant id - assumed 'id' /Users/fangzheng/Documents/myproject/phpfile/test/Application/Home/Controller/IndexController.class.php 第 45 行.
NOTIC: [8] Use of undefined constant realname - assumed 'realname' /Users/fangzheng/Documents/myproject/phpfile/test/Application/Home/Controller/IndexController.class.php 第 46 行.
NOTIC: [8] Use of undefined constant id - assumed 'id' /Users/fangzheng/Documents/myproject/phpfile/test/Application/Home/Controller/IndexController.class.php 第 47 行.
INFO: [ view_parse ] --START--
INFO: [ template_filter ] --START--
INFO: Run Behavior\ContentReplaceBehavior [ RunTime:0.000045s ]
INFO: [ template_filter ] --END-- [ RunTime:0.000111s ]
INFO: Run Behavior\ParseTemplateBehavior [ RunTime:0.009269s ]
INFO: [ view_parse ] --END-- [ RunTime:0.009367s ]
INFO: [ view_filter ] --START--
INFO: Run Behavior\WriteHtmlCacheBehavior [ RunTime:0.000264s ]
INFO: [ view_filter ] --END-- [ RunTime:0.000393s ]
INFO: [ app_end ] --START--
INFO: Run Behavior\ShowPageTraceBehavior [ RunTime:0.001146s ]
INFO: [ app_end ] --END-- [ RunTime:0.001277s ]

[ 2018-11-05T21:22:37+08:00 ] ::1 /
INFO: [ app_init ] --START--
INFO: Run Behavior\BuildLiteBehavior [ RunTime:0.000014s ]
INFO: [ app_init ] --END-- [ RunTime:0.000339s ]
INFO: [ app_begin ] --START--
INFO: Run Behavior\ReadHtmlCacheBehavior [ RunTime:0.000490s ]
INFO: [ app_begin ] --END-- [ RunTime:0.000553s ]
NOTIC: [8] Undefined index: username /Users/fangzheng/Documents/myproject/phpfile/test/Application/Home/Controller/IndexController.class.php 第 41 行.
NOTIC: [8] Undefined index: pwd /Users/fangzheng/Documents/myproject/phpfile/test/Application/Home/Controller/IndexController.class.php 第 42 行.
SQL: SHOW COLUMNS FROM `user_data` [ RunTime:0.0005s ]
SQL: SELECT * FROM `user_data` WHERE `username` = null AND `pwd` = null LIMIT 1   [ RunTime:0.0004s ]
NOTIC: [8] Use of undefined constant id - assumed 'id' /Users/fangzheng/Documents/myproject/phpfile/test/Application/Home/Controller/IndexController.class.php 第 45 行.
NOTIC: [8] Use of undefined constant realname - assumed 'realname' /Users/fangzheng/Documents/myproject/phpfile/test/Application/Home/Controller/IndexController.class.php 第 46 行.
NOTIC: [8] Use of undefined constant id - assumed 'id' /Users/fangzheng/Documents/myproject/phpfile/test/Application/Home/Controller/IndexController.class.php 第 47 行.
INFO: [ view_parse ] --START--
INFO: [ template_filter ] --START--
INFO: Run Behavior\ContentReplaceBehavior [ RunTime:0.000044s ]
INFO: [ template_filter ] --END-- [ RunTime:0.000108s ]
INFO: Run Behavior\ParseTemplateBehavior [ RunTime:0.006795s ]
INFO: [ view_parse ] --END-- [ RunTime:0.006846s ]
INFO: [ view_filter ] --START--
INFO: Run Behavior\WriteHtmlCacheBehavior [ RunTime:0.000185s ]
INFO: [ view_filter ] --END-- [ RunTime:0.000227s ]
INFO: [ app_end ] --START--
INFO: Run Behavior\ShowPageTraceBehavior [ RunTime:0.000513s ]
INFO: [ app_end ] --END-- [ RunTime:0.000558s ]

