[ 2018-12-28T00:25:59+08:00 ] 111.167.226.95 /index.php/Home/Headteacher/managestu_keylist0405/userid/150/username/18902182280/realname/%E6%96%B9%E8%80%81%E5%B8%88/stu_id/152/stu_name/%E6%96%B9%E6%AD%A3/img/button_Bg.png
INFO: [ app_init ] --START--
INFO: Run Behavior\BuildLiteBehavior [ RunTime:0.000011s ]
INFO: [ app_init ] --END-- [ RunTime:0.000232s ]

[ 2018-12-28T00:30:12+08:00 ] 111.167.226.95 /index.php/Home/Headteacher/managestu_keylist0405/userid/150/username/18902182280/realname/%E6%96%B9%E8%80%81%E5%B8%88/stu_id/152/stu_name/%E6%96%B9%E6%AD%A3/img/button_Bg.png
INFO: [ app_init ] --START--
INFO: Run Behavior\BuildLiteBehavior [ RunTime:0.000011s ]
INFO: [ app_init ] --END-- [ RunTime:0.000265s ]

[ 2018-12-28T00:30:59+08:00 ] 111.167.226.95 /index.php/Home/Headteacher/managestu_keylist0405/userid/150/username/18902182280/realname/%E6%96%B9%E8%80%81%E5%B8%88/stu_id/152/stu_name/%E6%96%B9%E6%AD%A3/img/button_Bg.png
INFO: [ app_init ] --START--
INFO: Run Behavior\BuildLiteBehavior [ RunTime:0.000010s ]
INFO: [ app_init ] --END-- [ RunTime:0.000224s ]

[ 2018-12-28T00:31:42+08:00 ] 111.167.226.95 /index.php/Home/Headteacher/managestu_keylist0405/userid/150/username/18902182280/realname/%E6%96%B9%E8%80%81%E5%B8%88/stu_id/152/stu_name/%E6%96%B9%E6%AD%A3/img/button_Bg.png
INFO: [ app_init ] --START--
INFO: Run Behavior\BuildLiteBehavior [ RunTime:0.000009s ]
INFO: [ app_init ] --END-- [ RunTime:0.000221s ]

[ 2018-12-28T09:15:53+08:00 ] 60.30.155.10 /index.php/Home/Headteacher/managestu_keylist0405/userid/150/username/18902182280/realname/%E6%96%B9%E8%80%81%E5%B8%88/stu_id/152/stu_name/%E6%96%B9%E6%AD%A3/img/button_Bg.png
INFO: [ app_init ] --START--
INFO: Run Behavior\BuildLiteBehavior [ RunTime:0.000011s ]
INFO: [ app_init ] --END-- [ RunTime:0.000269s ]

[ 2018-12-28T10:09:56+08:00 ] 58.135.81.53 /index.php/Home/Headteacher/managestu_keylist0405/userid/150/username/18902182280/realname/%E6%96%B9%E8%80%81%E5%B8%88/stu_id/152/stu_name/%E6%96%B9%E6%AD%A3/img/button_Bg.png
INFO: [ app_init ] --START--
INFO: Run Behavior\BuildLiteBehavior [ RunTime:0.000010s ]
INFO: [ app_init ] --END-- [ RunTime:0.000257s ]

[ 2018-12-28T10:10:51+08:00 ] 58.135.81.53 /index.php/Home/Headteacher/managestu_keylist0405/userid/150/username/18902182280/realname/%E6%96%B9%E8%80%81%E5%B8%88/stu_id/152/stu_name/%E6%96%B9%E6%AD%A3/img/button_Bg.png
INFO: [ app_init ] --START--
INFO: Run Behavior\BuildLiteBehavior [ RunTime:0.000012s ]
INFO: [ app_init ] --END-- [ RunTime:0.000233s ]

[ 2018-12-28T10:11:00+08:00 ] 58.135.81.53 /index.php/Home/Headteacher/managestu_keylist0405/userid/150/username/18902182280/realname/%E6%96%B9%E8%80%81%E5%B8%88/stu_id/152/stu_name/%E6%96%B9%E6%AD%A3/img/button_Bg.png
INFO: [ app_init ] --START--
INFO: Run Behavior\BuildLiteBehavior [ RunTime:0.000010s ]
INFO: [ app_init ] --END-- [ RunTime:0.000240s ]

[ 2018-12-28T10:23:36+08:00 ] 58.135.81.53 /index.php/Home/Headteacher/managestu_keylist0405/userid/150/username/18902182280/realname/%E6%96%B9%E8%80%81%E5%B8%88/stu_id/152/stu_name/%E6%96%B9%E6%AD%A3/img/button_Bg.png
INFO: [ app_init ] --START--
INFO: Run Behavior\BuildLiteBehavior [ RunTime:0.000016s ]
INFO: [ app_init ] --END-- [ RunTime:0.000438s ]

[ 2018-12-28T11:05:50+08:00 ] 58.135.81.53 /index.php/Home/Headteacher/managestu_keylist0405/userid/150/username/18902182280/realname/%E6%96%B9%E8%80%81%E5%B8%88/stu_id/152/stu_name/%E6%96%B9%E6%AD%A3/img/button_Bg.png
INFO: [ app_init ] --START--
INFO: Run Behavior\BuildLiteBehavior [ RunTime:0.000010s ]
INFO: [ app_init ] --END-- [ RunTime:0.000282s ]

[ 2018-12-28T11:06:00+08:00 ] 58.135.81.53 /index.php/Home/Headteacher/managestu_keylist0405/userid/150/username/18902182280/realname/%E6%96%B9%E8%80%81%E5%B8%88/stu_id/152/stu_name/%E6%96%B9%E6%AD%A3/img/button_Bg.png
INFO: [ app_init ] --START--
INFO: Run Behavior\BuildLiteBehavior [ RunTime:0.000011s ]
INFO: [ app_init ] --END-- [ RunTime:0.000278s ]

[ 2018-12-28T11:06:54+08:00 ] 58.135.81.53 /index.php/Home/Headteacher/managestu_keylist0405/userid/150/username/18902182280/realname/%E6%96%B9%E8%80%81%E5%B8%88/stu_id/152/stu_name/%E6%96%B9%E6%AD%A3/img/button_Bg.png
INFO: [ app_init ] --START--
INFO: Run Behavior\BuildLiteBehavior [ RunTime:0.000012s ]
INFO: [ app_init ] --END-- [ RunTime:0.000255s ]

[ 2018-12-28T11:07:41+08:00 ] 58.135.81.53 /index.php/Home/Headteacher/managestu_keylist0405/userid/150/username/18902182280/realname/%E6%96%B9%E8%80%81%E5%B8%88/stu_id/152/stu_name/%E6%96%B9%E6%AD%A3/img/button_Bg.png
INFO: [ app_init ] --START--
INFO: Run Behavior\BuildLiteBehavior [ RunTime:0.000012s ]
INFO: [ app_init ] --END-- [ RunTime:0.000293s ]

[ 2018-12-28T11:08:20+08:00 ] 58.135.81.53 /index.php/Home/Headteacher/managestu_keylist0405/userid/150/username/18902182280/realname/%E6%96%B9%E8%80%81%E5%B8%88/stu_id/152/stu_name/%E6%96%B9%E6%AD%A3/img/button_Bg.png
INFO: [ app_init ] --START--
INFO: Run Behavior\BuildLiteBehavior [ RunTime:0.000037s ]
INFO: [ app_init ] --END-- [ RunTime:0.000308s ]

[ 2018-12-28T11:08:35+08:00 ] 58.135.81.53 /index.php/Home/Headteacher/managestu_keylist0405/userid/150/username/18902182280/realname/%E6%96%B9%E8%80%81%E5%B8%88/stu_id/152/stu_name/%E6%96%B9%E6%AD%A3/img/button_Bg.png
INFO: [ app_init ] --START--
INFO: Run Behavior\BuildLiteBehavior [ RunTime:0.000011s ]
INFO: [ app_init ] --END-- [ RunTime:0.000236s ]

[ 2018-12-28T11:09:42+08:00 ] 58.135.81.53 /index.php/Home/Headteacher/managestu_keylist0405/userid/150/username/18902182280/realname/%E6%96%B9%E8%80%81%E5%B8%88/stu_id/152/stu_name/%E6%96%B9%E6%AD%A3/img/button_Bg.png
INFO: [ app_init ] --START--
INFO: Run Behavior\BuildLiteBehavior [ RunTime:0.000011s ]
INFO: [ app_init ] --END-- [ RunTime:0.000237s ]

[ 2018-12-28T11:10:25+08:00 ] 58.135.81.53 /index.php/Home/Headteacher/managestu_keylist0405/userid/150/username/18902182280/realname/%E6%96%B9%E8%80%81%E5%B8%88/stu_id/152/stu_name/%E6%96%B9%E6%AD%A3/img/button_Bg.png
INFO: [ app_init ] --START--
INFO: Run Behavior\BuildLiteBehavior [ RunTime:0.000010s ]
INFO: [ app_init ] --END-- [ RunTime:0.000233s ]

[ 2018-12-28T11:11:41+08:00 ] 58.135.81.53 /index.php/Home/Headteacher/managestu_keylist0405/userid/150/username/18902182280/realname/%E6%96%B9%E8%80%81%E5%B8%88/stu_id/152/stu_name/%E6%96%B9%E6%AD%A3/img/button_Bg.png
INFO: [ app_init ] --START--
INFO: Run Behavior\BuildLiteBehavior [ RunTime:0.000011s ]
INFO: [ app_init ] --END-- [ RunTime:0.000241s ]

[ 2018-12-28T11:12:20+08:00 ] 58.135.81.53 /index.php/Home/Headteacher/managestu_keylist0405/userid/150/username/18902182280/realname/%E6%96%B9%E8%80%81%E5%B8%88/stu_id/152/stu_name/%E6%96%B9%E6%AD%A3/img/button_Bg.png
INFO: [ app_init ] --START--
INFO: Run Behavior\BuildLiteBehavior [ RunTime:0.000010s ]
INFO: [ app_init ] --END-- [ RunTime:0.000276s ]

[ 2018-12-28T11:14:46+08:00 ] 58.135.81.53 /index.php/Home/Headteacher/managestu_keylist0405/userid/150/username/18902182280/realname/%E6%96%B9%E8%80%81%E5%B8%88/stu_id/152/stu_name/%E6%96%B9%E6%AD%A3/img/button_Bg.png
INFO: [ app_init ] --START--
INFO: Run Behavior\BuildLiteBehavior [ RunTime:0.000010s ]
INFO: [ app_init ] --END-- [ RunTime:0.000270s ]

[ 2018-12-28T11:15:08+08:00 ] 58.135.81.53 /index.php/Home/Headteacher/managestu_keylist0405/userid/150/username/18902182280/realname/%E6%96%B9%E8%80%81%E5%B8%88/stu_id/152/stu_name/%E6%96%B9%E6%AD%A3/img/button_Bg.png
INFO: [ app_init ] --START--
INFO: Run Behavior\BuildLiteBehavior [ RunTime:0.000011s ]
INFO: [ app_init ] --END-- [ RunTime:0.000243s ]

[ 2018-12-28T11:15:33+08:00 ] 58.135.81.53 /index.php/Home/Headteacher/managestu_keylist0405/userid/150/username/18902182280/realname/%E6%96%B9%E8%80%81%E5%B8%88/stu_id/152/stu_name/%E6%96%B9%E6%AD%A3/img/button_Bg.png
INFO: [ app_init ] --START--
INFO: Run Behavior\BuildLiteBehavior [ RunTime:0.000011s ]
INFO: [ app_init ] --END-- [ RunTime:0.000237s ]

[ 2018-12-28T11:16:19+08:00 ] 58.135.81.53 /index.php/Home/Headteacher/managestu_keylist0405/userid/150/username/18902182280/realname/%E6%96%B9%E8%80%81%E5%B8%88/stu_id/152/stu_name/%E6%96%B9%E6%AD%A3/img/button_Bg.png
INFO: [ app_init ] --START--
INFO: Run Behavior\BuildLiteBehavior [ RunTime:0.000011s ]
INFO: [ app_init ] --END-- [ RunTime:0.000236s ]

[ 2018-12-28T11:16:45+08:00 ] 58.135.81.53 /index.php/Home/Headteacher/managestu_keylist0405/userid/150/username/18902182280/realname/%E6%96%B9%E8%80%81%E5%B8%88/stu_id/152/stu_name/%E6%96%B9%E6%AD%A3/img/button_Bg.png
INFO: [ app_init ] --START--
INFO: Run Behavior\BuildLiteBehavior [ RunTime:0.000015s ]
INFO: [ app_init ] --END-- [ RunTime:0.000261s ]

[ 2018-12-28T11:16:53+08:00 ] 58.135.81.53 /index.php/Home/Headteacher/managestu_keylist0405/userid/150/username/18902182280/realname/%E6%96%B9%E8%80%81%E5%B8%88/stu_id/152/stu_name/%E6%96%B9%E6%AD%A3/img/button_Bg.png
INFO: [ app_init ] --START--
INFO: Run Behavior\BuildLiteBehavior [ RunTime:0.000011s ]
INFO: [ app_init ] --END-- [ RunTime:0.000234s ]

[ 2018-12-28T11:17:20+08:00 ] 58.135.81.53 /index.php/Home/Headteacher/managestu_keylist0405/userid/150/username/18902182280/realname/%E6%96%B9%E8%80%81%E5%B8%88/stu_id/152/stu_name/%E6%96%B9%E6%AD%A3/img/button_Bg.png
INFO: [ app_init ] --START--
INFO: Run Behavior\BuildLiteBehavior [ RunTime:0.000011s ]
INFO: [ app_init ] --END-- [ RunTime:0.000248s ]

[ 2018-12-28T11:17:43+08:00 ] 58.135.81.53 /index.php/Home/Headteacher/managestu_keylist0405/userid/150/username/18902182280/realname/%E6%96%B9%E8%80%81%E5%B8%88/stu_id/152/stu_name/%E6%96%B9%E6%AD%A3/img/button_Bg.png
INFO: [ app_init ] --START--
INFO: Run Behavior\BuildLiteBehavior [ RunTime:0.000013s ]
INFO: [ app_init ] --END-- [ RunTime:0.000280s ]

[ 2018-12-28T11:17:57+08:00 ] 58.135.81.53 /index.php/Home/Headteacher/managestu_keylist0405/userid/150/username/18902182280/realname/%E6%96%B9%E8%80%81%E5%B8%88/stu_id/152/stu_name/%E6%96%B9%E6%AD%A3/img/button_Bg.png
INFO: [ app_init ] --START--
INFO: Run Behavior\BuildLiteBehavior [ RunTime:0.000011s ]
INFO: [ app_init ] --END-- [ RunTime:0.000258s ]

[ 2018-12-28T11:18:27+08:00 ] 58.135.81.53 /index.php/Home/Headteacher/managestu_keylist0405/userid/150/username/18902182280/realname/%E6%96%B9%E8%80%81%E5%B8%88/stu_id/152/stu_name/%E6%96%B9%E6%AD%A3/img/button_Bg.png
INFO: [ app_init ] --START--
INFO: Run Behavior\BuildLiteBehavior [ RunTime:0.000012s ]
INFO: [ app_init ] --END-- [ RunTime:0.000246s ]

[ 2018-12-28T11:18:47+08:00 ] 58.135.81.53 /index.php/Home/Headteacher/managestu_keylist0405/userid/150/username/18902182280/realname/%E6%96%B9%E8%80%81%E5%B8%88/stu_id/152/stu_name/%E6%96%B9%E6%AD%A3/img/button_Bg.png
INFO: [ app_init ] --START--
INFO: Run Behavior\BuildLiteBehavior [ RunTime:0.000010s ]
INFO: [ app_init ] --END-- [ RunTime:0.000240s ]

[ 2018-12-28T11:19:16+08:00 ] 58.135.81.53 /index.php/Home/Headteacher/managestu_keylist0405/userid/150/username/18902182280/realname/%E6%96%B9%E8%80%81%E5%B8%88/stu_id/152/stu_name/%E6%96%B9%E6%AD%A3/img/button_Bg.png
INFO: [ app_init ] --START--
INFO: Run Behavior\BuildLiteBehavior [ RunTime:0.000011s ]
INFO: [ app_init ] --END-- [ RunTime:0.000264s ]

[ 2018-12-28T11:20:21+08:00 ] 58.135.81.53 /index.php/Home/Headteacher/managestu_keylist0405/userid/150/username/18902182280/realname/%E6%96%B9%E8%80%81%E5%B8%88/stu_id/152/stu_name/%E6%96%B9%E6%AD%A3/img/button_Bg.png
INFO: [ app_init ] --START--
INFO: Run Behavior\BuildLiteBehavior [ RunTime:0.000010s ]
INFO: [ app_init ] --END-- [ RunTime:0.000236s ]

[ 2018-12-28T11:20:30+08:00 ] 58.135.81.53 /index.php/Home/Headteacher/managestu_keylist0405/userid/150/username/18902182280/realname/%E6%96%B9%E8%80%81%E5%B8%88/stu_id/152/stu_name/%E6%96%B9%E6%AD%A3/img/button_Bg.png
INFO: [ app_init ] --START--
INFO: Run Behavior\BuildLiteBehavior [ RunTime:0.000010s ]
INFO: [ app_init ] --END-- [ RunTime:0.000237s ]

[ 2018-12-28T11:21:12+08:00 ] 58.135.81.53 /index.php/Home/Headteacher/managestu_keylist0405/userid/150/username/18902182280/realname/%E6%96%B9%E8%80%81%E5%B8%88/stu_id/152/stu_name/%E6%96%B9%E6%AD%A3/img/button_Bg.png
INFO: [ app_init ] --START--
INFO: Run Behavior\BuildLiteBehavior [ RunTime:0.000011s ]
INFO: [ app_init ] --END-- [ RunTime:0.000251s ]

[ 2018-12-28T11:22:03+08:00 ] 58.135.81.53 /index.php/Home/Headteacher/managestu_keylist0405/userid/150/username/18902182280/realname/%E6%96%B9%E8%80%81%E5%B8%88/stu_id/152/stu_name/%E6%96%B9%E6%AD%A3/img/button_Bg.png
INFO: [ app_init ] --START--
INFO: Run Behavior\BuildLiteBehavior [ RunTime:0.000011s ]
INFO: [ app_init ] --END-- [ RunTime:0.000241s ]

[ 2018-12-28T11:22:24+08:00 ] 58.135.81.53 /index.php/Home/Headteacher/managestu_keylist0405/userid/150/username/18902182280/realname/%E6%96%B9%E8%80%81%E5%B8%88/stu_id/152/stu_name/%E6%96%B9%E6%AD%A3/img/button_Bg.png
INFO: [ app_init ] --START--
INFO: Run Behavior\BuildLiteBehavior [ RunTime:0.000029s ]
INFO: [ app_init ] --END-- [ RunTime:0.000283s ]

[ 2018-12-28T11:23:29+08:00 ] 58.135.81.53 /index.php/Home/Headteacher/managestu_keylist0405/userid/150/username/18902182280/realname/%E6%96%B9%E8%80%81%E5%B8%88/stu_id/152/stu_name/%E6%96%B9%E6%AD%A3/img/button_Bg.png
INFO: [ app_init ] --START--
INFO: Run Behavior\BuildLiteBehavior [ RunTime:0.000011s ]
INFO: [ app_init ] --END-- [ RunTime:0.000242s ]

[ 2018-12-28T11:24:10+08:00 ] 58.135.81.53 /index.php/Home/Headteacher/managestu_keylist0405/userid/150/username/18902182280/realname/%E6%96%B9%E8%80%81%E5%B8%88/stu_id/152/stu_name/%E6%96%B9%E6%AD%A3/img/button_Bg.png
INFO: [ app_init ] --START--
INFO: Run Behavior\BuildLiteBehavior [ RunTime:0.000023s ]
INFO: [ app_init ] --END-- [ RunTime:0.000248s ]

[ 2018-12-28T11:24:50+08:00 ] 58.135.81.53 /index.php/Home/Headteacher/managestu_keylist0405/userid/150/username/18902182280/realname/%E6%96%B9%E8%80%81%E5%B8%88/stu_id/152/stu_name/%E6%96%B9%E6%AD%A3/img/button_Bg.png
INFO: [ app_init ] --START--
INFO: Run Behavior\BuildLiteBehavior [ RunTime:0.000014s ]
INFO: [ app_init ] --END-- [ RunTime:0.000287s ]

[ 2018-12-28T11:25:20+08:00 ] 58.135.81.53 /index.php/Home/Headteacher/managestu_keylist0405/userid/150/username/18902182280/realname/%E6%96%B9%E8%80%81%E5%B8%88/stu_id/152/stu_name/%E6%96%B9%E6%AD%A3/img/button_Bg.png
INFO: [ app_init ] --START--
INFO: Run Behavior\BuildLiteBehavior [ RunTime:0.000019s ]
INFO: [ app_init ] --END-- [ RunTime:0.000244s ]

[ 2018-12-28T11:25:52+08:00 ] 58.135.81.53 /index.php/Home/Headteacher/managestu_keylist0405/userid/150/username/18902182280/realname/%E6%96%B9%E8%80%81%E5%B8%88/stu_id/152/stu_name/%E6%96%B9%E6%AD%A3/img/button_Bg.png
INFO: [ app_init ] --START--
INFO: Run Behavior\BuildLiteBehavior [ RunTime:0.000011s ]
INFO: [ app_init ] --END-- [ RunTime:0.000244s ]

[ 2018-12-28T11:28:05+08:00 ] 58.135.81.53 /index.php/Home/Headteacher/managestu_keylist0405/userid/150/username/18902182280/realname/%E6%96%B9%E8%80%81%E5%B8%88/stu_id/152/stu_name/%E6%96%B9%E6%AD%A3/img/button_Bg.png
INFO: [ app_init ] --START--
INFO: Run Behavior\BuildLiteBehavior [ RunTime:0.000012s ]
INFO: [ app_init ] --END-- [ RunTime:0.000291s ]

[ 2018-12-28T11:28:27+08:00 ] 58.135.81.53 /index.php/Home/Headteacher/managestu_keylist0405/userid/150/username/18902182280/realname/%E6%96%B9%E8%80%81%E5%B8%88/stu_id/152/stu_name/%E6%96%B9%E6%AD%A3/img/button_Bg.png
INFO: [ app_init ] --START--
INFO: Run Behavior\BuildLiteBehavior [ RunTime:0.000010s ]
INFO: [ app_init ] --END-- [ RunTime:0.000234s ]

[ 2018-12-28T11:28:42+08:00 ] 58.135.81.53 /index.php/Home/Headteacher/managestu_keylist0405/userid/150/username/18902182280/realname/%E6%96%B9%E8%80%81%E5%B8%88/stu_id/152/stu_name/%E6%96%B9%E6%AD%A3/img/button_Bg.png
INFO: [ app_init ] --START--
INFO: Run Behavior\BuildLiteBehavior [ RunTime:0.000010s ]
INFO: [ app_init ] --END-- [ RunTime:0.000246s ]

[ 2018-12-28T11:32:14+08:00 ] 58.135.81.53 /index.php/Home/Headteacher/managestu_keylist0405/userid/150/username/18902182280/realname/%E6%96%B9%E8%80%81%E5%B8%88/stu_id/152/stu_name/%E6%96%B9%E6%AD%A3/img/button_Bg.png
INFO: [ app_init ] --START--
INFO: Run Behavior\BuildLiteBehavior [ RunTime:0.000010s ]
INFO: [ app_init ] --END-- [ RunTime:0.000250s ]

[ 2018-12-28T11:32:39+08:00 ] 58.135.81.53 /index.php/Home/Headteacher/managestu_keylist0405/userid/150/username/18902182280/realname/%E6%96%B9%E8%80%81%E5%B8%88/stu_id/152/stu_name/%E6%96%B9%E6%AD%A3/img/button_Bg.png
INFO: [ app_init ] --START--
INFO: Run Behavior\BuildLiteBehavior [ RunTime:0.000010s ]
INFO: [ app_init ] --END-- [ RunTime:0.000235s ]

[ 2018-12-28T11:33:42+08:00 ] 58.135.81.53 /index.php/Home/Headteacher/managestu_keylist0405/userid/150/username/18902182280/realname/%E6%96%B9%E8%80%81%E5%B8%88/stu_id/152/stu_name/%E6%96%B9%E6%AD%A3/img/button_Bg.png
INFO: [ app_init ] --START--
INFO: Run Behavior\BuildLiteBehavior [ RunTime:0.000013s ]
INFO: [ app_init ] --END-- [ RunTime:0.000289s ]

[ 2018-12-28T12:01:51+08:00 ] 106.47.248.63 /index.php/Home/Headteacher/managestu_keylist0405/userid/150/username/18902182280/realname/%E6%96%B9%E8%80%81%E5%B8%88/stu_id/152/stu_name/%E6%96%B9%E6%AD%A3/img/button_Bg.png
INFO: [ app_init ] --START--
INFO: Run Behavior\BuildLiteBehavior [ RunTime:0.000011s ]
INFO: [ app_init ] --END-- [ RunTime:0.000257s ]

[ 2018-12-28T15:36:47+08:00 ] 47.101.50.252 /index.php/explicit_not_exist_path
INFO: [ app_init ] --START--
INFO: Run Behavior\BuildLiteBehavior [ RunTime:0.000009s ]
INFO: [ app_init ] --END-- [ RunTime:0.000243s ]
ERR: 无法加载模块:Explicit_not_exist_path

[ 2018-12-28T16:44:33+08:00 ] 60.30.155.10 /index.php/Home/Headteacher/managestu_keylist0405/userid/150/username/18902182280/realname/%E6%96%B9%E8%80%81%E5%B8%88/stu_id/152/stu_name/%E6%96%B9%E6%AD%A3/img/button_Bg.png
INFO: [ app_init ] --START--
INFO: Run Behavior\BuildLiteBehavior [ RunTime:0.000011s ]
INFO: [ app_init ] --END-- [ RunTime:0.000240s ]

[ 2018-12-28T20:29:01+08:00 ] 111.167.226.95 /index.php/Home/Headteacher/managestu_keylist0405/userid/150/username/18902182280/realname/%E6%96%B9%E8%80%81%E5%B8%88/stu_id/152/stu_name/%E6%96%B9%E6%AD%A3/img/button_Bg.png
INFO: [ app_init ] --START--
INFO: Run Behavior\BuildLiteBehavior [ RunTime:0.000012s ]
INFO: [ app_init ] --END-- [ RunTime:0.000252s ]

[ 2018-12-28T20:30:27+08:00 ] 111.167.226.95 /index.php/Home/Headteacher/managestu_keylist0405/userid/150/username/18902182280/realname/%E6%96%B9%E8%80%81%E5%B8%88/stu_id/152/stu_name/%E6%96%B9%E6%AD%A3/img/button_Bg.png
INFO: [ app_init ] --START--
INFO: Run Behavior\BuildLiteBehavior [ RunTime:0.000011s ]
INFO: [ app_init ] --END-- [ RunTime:0.000236s ]

[ 2018-12-28T20:31:17+08:00 ] 111.167.226.95 /index.php/Home/Headteacher/managestu_keylist0405/userid/150/username/18902182280/realname/%E6%96%B9%E8%80%81%E5%B8%88/stu_id/152/stu_name/%E6%96%B9%E6%AD%A3/img/button_Bg.png
INFO: [ app_init ] --START--
INFO: Run Behavior\BuildLiteBehavior [ RunTime:0.000011s ]
INFO: [ app_init ] --END-- [ RunTime:0.000310s ]

[ 2018-12-28T22:18:06+08:00 ] 111.167.226.95 /index.php/Home/Headteacher/managestu_keylist0405/userid/150/username/18902182280/realname/%E6%96%B9%E8%80%81%E5%B8%88/stu_id/152/stu_name/%E6%96%B9%E6%AD%A3/img/button_Bg.png
INFO: [ app_init ] --START--
INFO: Run Behavior\BuildLiteBehavior [ RunTime:0.000011s ]
INFO: [ app_init ] --END-- [ RunTime:0.000269s ]

